TN:
SF:src\modules\users\services\createUser\CreateUserController.ts
FN:9,(anonymous_0)
FNF:1
FNH:1
FNDA:1,(anonymous_0)
DA:3,5
DA:6,5
DA:8,5
DA:13,1
DA:15,1
DA:17,1
DA:19,1
LF:7
LH:7
BRF:0
BRH:0
end_of_record
TN:
SF:src\modules\users\services\createUser\CreateUserService.ts
FN:15,(anonymous_4)
FN:28,(anonymous_5)
FNF:2
FNH:2
FNDA:3,(anonymous_4)
FNDA:3,(anonymous_5)
DA:1,6
DA:6,6
DA:9,6
DA:10,6
DA:14,6
DA:17,3
DA:20,3
DA:23,3
DA:28,6
DA:31,3
DA:33,3
DA:34,3
DA:35,3
DA:36,1
DA:38,2
DA:40,2
DA:42,2
DA:45,2
DA:47,2
DA:54,1
DA:55,1
DA:57,3
LF:22
LH:22
BRDA:35,0,0,1
BRDA:45,1,0,2
BRDA:54,2,0,1
BRDA:57,3,0,3
BRF:4
BRH:4
end_of_record
TN:
SF:src\modules\users\services\deleteUser\DeleteUserController.ts
FN:8,(anonymous_0)
FNF:1
FNH:1
FNDA:1,(anonymous_0)
DA:2,5
DA:5,5
DA:7,5
DA:12,1
DA:14,1
DA:16,1
DA:18,1
LF:7
LH:7
BRF:0
BRH:0
end_of_record
TN:
SF:src\modules\users\services\deleteUser\DeleteUserService.ts
FN:12,(anonymous_4)
FN:25,(anonymous_5)
FNF:2
FNH:2
FNDA:3,(anonymous_4)
FNDA:3,(anonymous_5)
DA:1,6
DA:2,6
DA:7,6
DA:11,6
DA:14,3
DA:17,3
DA:20,3
DA:25,6
DA:26,3
DA:28,3
DA:29,3
DA:30,3
DA:35,3
DA:36,1
DA:39,2
DA:41,2
DA:44,2
DA:46,2
DA:53,1
DA:54,1
DA:56,3
LF:21
LH:21
BRDA:35,0,0,1
BRDA:44,1,0,2
BRDA:53,2,0,1
BRDA:56,3,0,3
BRF:4
BRH:4
end_of_record
TN:
SF:src\modules\users\services\listUser\ListUserController.ts
FN:9,(anonymous_0)
FNF:1
FNH:1
FNDA:1,(anonymous_0)
DA:2,5
DA:6,5
DA:8,5
DA:18,1
DA:20,1
DA:22,1
DA:24,1
LF:7
LH:7
BRDA:20,0,0,1
BRDA:20,1,0,1
BRF:2
BRH:2
end_of_record
TN:
SF:src\modules\users\services\listUser\ListUserService.ts
FN:15,(anonymous_4)
FN:28,(anonymous_5)
FNF:2
FNH:2
FNDA:5,(anonymous_4)
FNDA:7,(anonymous_5)
DA:1,6
DA:5,6
DA:10,6
DA:14,6
DA:17,5
DA:20,5
DA:23,5
DA:28,6
DA:33,7
DA:35,7
DA:36,7
DA:37,7
DA:41,7
DA:43,7
DA:44,6
DA:48,5
DA:49,5
DA:52,6
DA:54,6
DA:67,1
DA:68,1
DA:70,7
LF:22
LH:22
BRDA:43,0,0,6
BRDA:52,1,0,6
BRDA:67,2,0,1
BRDA:70,3,0,7
BRF:4
BRH:4
end_of_record
TN:
SF:src\modules\users\services\showUser\ShowUserController.ts
FN:9,(anonymous_0)
FNF:1
FNH:1
FNDA:1,(anonymous_0)
DA:3,5
DA:6,5
DA:8,5
DA:13,1
DA:15,1
DA:17,1
DA:19,1
LF:7
LH:7
BRF:0
BRH:0
end_of_record
TN:
SF:src\modules\users\services\showUser\ShowUserService.ts
FN:13,(anonymous_4)
FN:23,(anonymous_5)
FNF:2
FNH:2
FNDA:3,(anonymous_4)
FNDA:3,(anonymous_5)
DA:1,6
DA:2,6
DA:5,6
DA:8,6
DA:12,6
DA:15,3
DA:18,3
DA:23,6
DA:24,3
DA:26,3
DA:27,3
DA:28,3
DA:33,3
DA:34,1
DA:37,2
DA:39,2
DA:46,1
DA:47,1
DA:49,3
LF:19
LH:19
BRDA:33,0,0,1
BRDA:37,1,0,2
BRDA:46,2,0,1
BRDA:49,3,0,3
BRF:4
BRH:4
end_of_record
TN:
SF:src\modules\users\services\updateUser\UpdateUserController.ts
FN:9,(anonymous_0)
FNF:1
FNH:1
FNDA:1,(anonymous_0)
DA:2,5
DA:6,5
DA:8,5
DA:13,1
DA:15,1
DA:16,1
DA:18,1
DA:20,1
LF:8
LH:8
BRF:0
BRH:0
end_of_record
TN:
SF:src\modules\users\services\updateUser\UpdateUserService.ts
FN:17,(anonymous_4)
FN:30,(anonymous_5)
FNF:2
FNH:2
FNDA:3,(anonymous_4)
FNDA:3,(anonymous_5)
DA:1,6
DA:3,6
DA:7,6
DA:9,6
DA:12,6
DA:16,6
DA:19,3
DA:22,3
DA:25,3
DA:30,6
DA:34,3
DA:36,3
DA:37,3
DA:38,3
DA:43,3
DA:44,1
DA:47,2
DA:52,2
DA:55,2
DA:57,2
DA:64,1
DA:65,1
DA:67,3
LF:23
LH:23
BRDA:43,0,0,1
BRDA:55,1,0,2
BRDA:64,2,0,1
BRDA:67,3,0,3
BRF:4
BRH:4
end_of_record
